2025-04-03 17:22:01.410 [info] Started local extension host with pid 24892.
2025-04-03 17:22:01.432 [info] Started initializing default profile extensions in extensions installation folder. file:///c%3A/Users/PC/Desktop/code-error-detector/.vscode-test/extensions
2025-04-03 17:22:01.849 [info] Completed initializing default profile extensions in extensions installation folder. file:///c%3A/Users/PC/Desktop/code-error-detector/.vscode-test/extensions
2025-04-03 17:22:01.933 [info] Loading development extension at c:\Users\PC\Desktop\code-error-detector
2025-04-03 17:22:02.030 [info] Settings Sync: Account status changed from uninitialized to unavailable
2025-04-03 17:22:05.716 [info] [0m%s%s[0m  
2025-04-03 17:22:05.716 [info] [0m%s%s[0m    Extension Test Suite
2025-04-03 17:22:05.860 [info]   [31m  %d) %s[0m 1 La extensi√≥n deber√≠a estar activa
2025-04-03 17:22:05.861 [info]   [31m  %d) %s[0m 2 El comando scanErrors deber√≠a ejecutarse sin errores
2025-04-03 17:22:05.862 [info] [92m [0m[32m %d passing[0m[90m (%s)[0m 0 157ms
2025-04-03 17:22:05.862 [info] [31m  %d failing[0m 2
2025-04-03 17:22:05.862 [info] [0m  %s) %s:
[0m[31m     %s[0m[90m
%s
[0m 1 Extension Test Suite
       La extensi√≥n deber√≠a estar activa AssertionError [ERR_ASSERTION]: La extensi√≥n no est√° instalada o activada   	at Context.<anonymous> (c:\Users\PC\Desktop\code-error-detector\out\test\extension.test.js:42:16)
  	at process.processImmediate (node:internal/timers:483:21)
2025-04-03 17:22:05.862 [info] [0m  %s) %s:
[0m[31m     %s[0m[90m
%s
[0m 2 Extension Test Suite
       El comando scanErrors deber√≠a ejecutarse sin errores AssertionError [ERR_ASSERTION]: El comando scanErrors lanz√≥ un error: Error: command 'code-error-detector.scanErrors' not found   	at Context.<anonymous> (c:\Users\PC\Desktop\code-error-detector\out\test\extension.test.js:50:20)
2025-04-03 17:22:05.863 [error] 2 tests failed.
